<?xml version="1.0" encoding="UTF-8"?>
<testng-results ignored="0" total="1" passed="1" failed="0" skipped="0">
  <reporter-output>
  </reporter-output>
  <suite started-at="2024-09-02T22:19:21 IST" name="Default suite" finished-at="2024-09-02T22:19:29 IST" duration-ms="8761">
    <groups>
    </groups>
    <test started-at="2024-09-02T22:19:21 IST" name="Default test" finished-at="2024-09-02T22:19:29 IST" duration-ms="8761">
      <class name="seleniumTest.LoginTest">
        <test-method is-config="true" signature="setUp()[pri:0, instance:seleniumTest.LoginTest@639c2c1d]" started-at="2024-09-02T22:19:21 IST" name="setUp" finished-at="2024-09-02T22:19:23 IST" duration-ms="2715" status="PASS">
          <reporter-output>
          </reporter-output>
        </test-method> <!-- setUp -->
        <test-method signature="loginMethod()[pri:0, instance:seleniumTest.LoginTest@639c2c1d]" started-at="2024-09-02T22:19:23 IST" name="loginMethod" finished-at="2024-09-02T22:19:29 IST" duration-ms="5730" status="PASS">
          <reporter-output>
          </reporter-output>
        </test-method> <!-- loginMethod -->
        <test-method is-config="true" signature="tearDown()[pri:0, instance:seleniumTest.LoginTest@639c2c1d]" started-at="2024-09-02T22:19:29 IST" name="tearDown" finished-at="2024-09-02T22:19:29 IST" duration-ms="264" status="PASS">
          <reporter-output>
          </reporter-output>
        </test-method> <!-- tearDown -->
      </class> <!-- seleniumTest.LoginTest -->
    </test> <!-- Default test -->
  </suite> <!-- Default suite -->
</testng-results>
